app/build/outputs/logs/manifest-merger-debug-report.txt
-- Merging decision tree log ---
manifest
ADDED from src\main\AndroidManifest.xml:16:1-249:12
	package
		ADDED from src\main\AndroidManifest.xml:17:5-27
		INJECTED from src\main\AndroidManifest.xml
		INJECTED from src\main\AndroidManifest.xml
	android:versionName
		INJECTED from src\main\AndroidManifest.xml
		INJECTED from src\main\AndroidManifest.xml
	xmlns:android
		ADDED from src\main\AndroidManifest.xml:16:11-69
	android:versionCode
		INJECTED from src\main\AndroidManifest.xml
		INJECTED from src\main\AndroidManifest.xml
uses-permission#android.permission.INTERNET
ADDED from src\main\AndroidManifest.xml:19:5-67
MERGED from [com.google.android.gms:play-services-gcm:9.2.0] AndroidManifest.xml:22:5-67
MERGED from [com.google.android.gms:play-services-iid:9.2.0] AndroidManifest.xml:22:5-67
MERGED from [com.google.firebase:firebase-analytics:9.2.0] AndroidManifest.xml:21:5-67
MERGED from [com.google.firebase:firebase-analytics-impl:9.2.0] AndroidManifest.xml:21:5-67
MERGED from [com.google.firebase:firebase-iid:9.2.0] AndroidManifest.xml:21:5-67
	android:name
		ADDED from src\main\AndroidManifest.xml:19:22-64
uses-permission#android.permission.ACCESS_NETWORK_STATE
ADDED from src\main\AndroidManifest.xml:20:5-79
MERGED from [com.google.firebase:firebase-analytics:9.2.0] AndroidManifest.xml:22:5-79
MERGED from [com.google.firebase:firebase-analytics-impl:9.2.0] AndroidManifest.xml:22:5-79
MERGED from [com.google.firebase:firebase-iid:9.2.0] AndroidManifest.xml:20:5-79
	android:name
		ADDED from src\main\AndroidManifest.xml:20:22-76
uses-permission#android.permission.ACCESS_WIFI_STATE
ADDED from src\main\AndroidManifest.xml:21:5-76
	android:name
		ADDED from src\main\AndroidManifest.xml:21:22-73
uses-permission#android.permission.RECEIVE_BOOT_COMPLETED
ADDED from src\main\AndroidManifest.xml:22:5-81
	android:name
		ADDED from src\main\AndroidManifest.xml:22:22-78
uses-permission#android.permission.VIBRATE
ADDED from src\main\AndroidManifest.xml:23:5-66
	android:name
		ADDED from src\main\AndroidManifest.xml:23:22-63
uses-permission#android.permission.WAKE_LOCK
ADDED from src\main\AndroidManifest.xml:24:5-68
MERGED from [com.google.firebase:firebase-analytics:9.2.0] AndroidManifest.xml:24:5-67
MERGED from [com.google.firebase:firebase-analytics-impl:9.2.0] AndroidManifest.xml:24:5-67
MERGED from [com.google.firebase:firebase-iid:9.2.0] AndroidManifest.xml:22:5-68
	android:name
		ADDED from src\main\AndroidManifest.xml:24:22-65
uses-permission#android.permission.GET_ACCOUNTS
ADDED from src\main\AndroidManifest.xml:25:5-71
	android:name
		ADDED from src\main\AndroidManifest.xml:25:22-68
uses-permission#android.permission.READ_PHONE_STATE
ADDED from src\main\AndroidManifest.xml:26:5-75
	android:name
		ADDED from src\main\AndroidManifest.xml:26:22-72
uses-permission#android.permission.WRITE_EXTERNAL_STORAGE
ADDED from src\main\AndroidManifest.xml:27:5-81
	android:name
		ADDED from src\main\AndroidManifest.xml:27:22-78
uses-permission#android.permission.READ_EXTERNAL_STORAGE
ADDED from src\main\AndroidManifest.xml:28:5-80
	android:name
		ADDED from src\main\AndroidManifest.xml:28:22-77
permission#io.vit.vitio.permission.C2D_MESSAGE
ADDED from src\main\AndroidManifest.xml:30:5-32:47
MERGED from [com.google.firebase:firebase-iid:9.2.0] AndroidManifest.xml:25:5-26:47
	android:protectionLevel
		ADDED from src\main\AndroidManifest.xml:32:9-44
	android:name
		ADDED from src\main\AndroidManifest.xml:31:9-59
uses-permission#io.vit.vitio.permission.C2D_MESSAGE
ADDED from src\main\AndroidManifest.xml:34:5-75
MERGED from [com.google.firebase:firebase-iid:9.2.0] AndroidManifest.xml:28:5-79
	android:name
		ADDED from src\main\AndroidManifest.xml:34:22-72
uses-permission#com.google.android.c2dm.permission.RECEIVE
ADDED from src\main\AndroidManifest.xml:37:5-82
MERGED from [com.google.android.gms:play-services-gcm:9.2.0] AndroidManifest.xml:21:5-82
MERGED from [com.google.android.gms:play-services-iid:9.2.0] AndroidManifest.xml:21:5-82
MERGED from [com.google.firebase:firebase-iid:9.2.0] AndroidManifest.xml:23:5-82
	android:name
		ADDED from src\main\AndroidManifest.xml:37:22-79
application
ADDED from src\main\AndroidManifest.xml:41:5-247:19
MERGED from [com.android.support:cardview-v7:25.0.1] AndroidManifest.xml:22:5-20
MERGED from [com.android.volley:volley:1.0.0] AndroidManifest.xml:9:5-20
MERGED from [com.melnykov:floatingactionbutton:1.2.0] AndroidManifest.xml:12:5-20
MERGED from [com.android.support:support-compat:25.0.1] AndroidManifest.xml:25:5-20
MERGED from [com.android.support:support-core-ui:25.0.1] AndroidManifest.xml:25:5-20
MERGED from [com.getbase:floatingactionbutton:1.10.0] AndroidManifest.xml:12:5-20
MERGED from [com.android.support:design:25.0.1] AndroidManifest.xml:25:5-20
MERGED from [com.android.support:support-v4:25.0.1] AndroidManifest.xml:25:5-20
MERGED from [com.android.support:support-media-compat:25.0.1] AndroidManifest.xml:25:5-20
MERGED from [com.android.support:support-core-utils:25.0.1] AndroidManifest.xml:25:5-20
MERGED from [com.android.support:support-fragment:25.0.1] AndroidManifest.xml:25:5-20
MERGED from [com.android.support:appcompat-v7:25.0.1] AndroidManifest.xml:25:5-20
MERGED from [com.android.support:support-vector-drawable:25.0.1] AndroidManifest.xml:23:5-20
MERGED from [com.android.support:animated-vector-drawable:25.0.1] AndroidManifest.xml:22:5-20
MERGED from [com.android.support:transition:25.0.1] AndroidManifest.xml:22:5-20
MERGED from [com.github.clans:fab:1.6.2] AndroidManifest.xml:12:5-20
MERGED from [de.hdodenhof:circleimageview:2.0.0] AndroidManifest.xml:9:5-20
MERGED from [com.android.support:palette-v7:25.0.1] AndroidManifest.xml:22:5-23:19
MERGED from [com.nantaphop:hoverTouchView:0.1] AndroidManifest.xml:11:5-14:19
MERGED from [com.google.android.gms:play-services-wearable:9.2.0] AndroidManifest.xml:19:5-20
MERGED from [com.google.android.gms:play-services-base:9.2.0] AndroidManifest.xml:19:5-23:19
MERGED from [com.google.android.gms:play-services-basement:9.2.0] AndroidManifest.xml:20:5-24:19
MERGED from [com.google.android.gms:play-services-tasks:9.2.0] AndroidManifest.xml:5:5-20
MERGED from [com.google.android.gms:play-services-gcm:9.2.0] AndroidManifest.xml:24:5-20
MERGED from [com.google.android.gms:play-services-iid:9.2.0] AndroidManifest.xml:24:5-20
MERGED from [com.google.firebase:firebase-core:9.2.0] AndroidManifest.xml:5:5-20
MERGED from [com.google.firebase:firebase-analytics:9.2.0] AndroidManifest.xml:26:5-41:19
MERGED from [com.google.firebase:firebase-common:9.2.0] AndroidManifest.xml:5:5-12:19
MERGED from [com.google.firebase:firebase-analytics-impl:9.2.0] AndroidManifest.xml:26:5-41:19
MERGED from [com.google.firebase:firebase-iid:9.2.0] AndroidManifest.xml:30:5-59:19
	android:label
		ADDED from src\main\AndroidManifest.xml:45:9-41
	android:allowBackup
		ADDED from src\main\AndroidManifest.xml:43:9-35
	android:icon
		ADDED from src\main\AndroidManifest.xml:44:9-43
	android:theme
		ADDED from src\main\AndroidManifest.xml:46:9-40
	android:name
		ADDED from src\main\AndroidManifest.xml:42:9-47
activity#io.vit.vitio.Activities.HomeActivity
ADDED from src\main\AndroidManifest.xml:48:9-57:20
	android:screenOrientation
		ADDED from src\main\AndroidManifest.xml:51:13-49
	android:label
		ADDED from src\main\AndroidManifest.xml:50:13-45
	android:name
		ADDED from src\main\AndroidManifest.xml:49:13-52
intent-filter#android.intent.action.MAIN+android.intent.category.LAUNCHER
ADDED from src\main\AndroidManifest.xml:52:13-56:29
action#android.intent.action.MAIN
ADDED from src\main\AndroidManifest.xml:53:17-69
	android:name
		ADDED from src\main\AndroidManifest.xml:53:25-66
category#android.intent.category.LAUNCHER
ADDED from src\main\AndroidManifest.xml:55:17-77
	android:name
		ADDED from src\main\AndroidManifest.xml:55:27-74
activity#io.vit.vitio.Activities.OnboardingActivity
ADDED from src\main\AndroidManifest.xml:58:9-67:20
	android:screenOrientation
		ADDED from src\main\AndroidManifest.xml:61:13-49
	android:label
		ADDED from src\main\AndroidManifest.xml:60:13-45
	android:name
		ADDED from src\main\AndroidManifest.xml:59:13-58
intent-filter#android.intent.category.DEFAULT+io.vit.vitio.FRAGMENTHOLDER
ADDED from src\main\AndroidManifest.xml:62:13-66:29
action#io.vit.vitio.FRAGMENTHOLDER
ADDED from src\main\AndroidManifest.xml:63:17-70
	android:name
		ADDED from src\main\AndroidManifest.xml:63:25-67
category#android.intent.category.DEFAULT
ADDED from src\main\AndroidManifest.xml:65:17-76
	android:name
		ADDED from src\main\AndroidManifest.xml:65:27-73
activity#io.vit.vitio.Activities.MarksActivity
ADDED from src\main\AndroidManifest.xml:68:9-77:20
	android:screenOrientation
		ADDED from src\main\AndroidManifest.xml:71:13-49
	android:label
		ADDED from src\main\AndroidManifest.xml:70:13-45
	android:name
		ADDED from src\main\AndroidManifest.xml:69:13-53
intent-filter#android.intent.category.DEFAULT+io.vit.vitio.MARKSACTIVITY
ADDED from src\main\AndroidManifest.xml:72:13-76:29
action#io.vit.vitio.MARKSACTIVITY
ADDED from src\main\AndroidManifest.xml:73:17-69
	android:name
		ADDED from src\main\AndroidManifest.xml:73:25-66
activity#io.vit.vitio.Activities.AttendanceActivity
ADDED from src\main\AndroidManifest.xml:79:9-88:20
	android:screenOrientation
		ADDED from src\main\AndroidManifest.xml:82:13-49
	android:label
		ADDED from src\main\AndroidManifest.xml:81:13-45
	android:name
		ADDED from src\main\AndroidManifest.xml:80:13-58
intent-filter#android.intent.category.DEFAULT+io.vit.vitio.ATTENDANCEACTIVITY
ADDED from src\main\AndroidManifest.xml:83:13-87:29
action#io.vit.vitio.ATTENDANCEACTIVITY
ADDED from src\main\AndroidManifest.xml:84:17-74
	android:name
		ADDED from src\main\AndroidManifest.xml:84:25-71
activity#io.vit.vitio.Settings.SettingsActivity
ADDED from src\main\AndroidManifest.xml:89:9-99:20
	android:screenOrientation
		ADDED from src\main\AndroidManifest.xml:93:13-49
	android:label
		ADDED from src\main\AndroidManifest.xml:91:13-45
	android:parentActivityName
		ADDED from src\main\AndroidManifest.xml:92:13-66
	android:name
		ADDED from src\main\AndroidManifest.xml:90:13-54
intent-filter#android.intent.category.DEFAULT+io.vit.vitio.SETTINGSACTIVITY
ADDED from src\main\AndroidManifest.xml:94:13-98:29
action#io.vit.vitio.SETTINGSACTIVITY
ADDED from src\main\AndroidManifest.xml:95:17-72
	android:name
		ADDED from src\main\AndroidManifest.xml:95:25-69
activity#io.vit.vitio.Settings.AboutActivity
ADDED from src\main\AndroidManifest.xml:100:9-110:20
	android:screenOrientation
		ADDED from src\main\AndroidManifest.xml:103:13-49
	android:label
		ADDED from src\main\AndroidManifest.xml:102:13-45
	android:theme
		ADDED from src\main\AndroidManifest.xml:104:13-80
	android:name
		ADDED from src\main\AndroidManifest.xml:101:13-51
intent-filter#android.intent.category.DEFAULT+io.vit.vitio.ABOUTACTIVITY
ADDED from src\main\AndroidManifest.xml:105:13-109:29
action#io.vit.vitio.ABOUTACTIVITY
ADDED from src\main\AndroidManifest.xml:106:17-69
	android:name
		ADDED from src\main\AndroidManifest.xml:106:25-66
activity#io.vit.vitio.Settings.SourcesActivity
ADDED from src\main\AndroidManifest.xml:111:9-120:20
	android:screenOrientation
		ADDED from src\main\AndroidManifest.xml:114:13-49
	android:label
		ADDED from src\main\AndroidManifest.xml:113:13-45
	android:name
		ADDED from src\main\AndroidManifest.xml:112:13-53
intent-filter#android.intent.category.DEFAULT+io.vit.vitio.SOURCESACTIVITY
ADDED from src\main\AndroidManifest.xml:115:13-119:29
action#io.vit.vitio.SOURCESACTIVITY
ADDED from src\main\AndroidManifest.xml:116:17-71
	android:name
		ADDED from src\main\AndroidManifest.xml:116:25-68
activity#io.vit.vitio.Settings.FeedbackActivity
ADDED from src\main\AndroidManifest.xml:121:9-130:20
	android:screenOrientation
		ADDED from src\main\AndroidManifest.xml:124:13-49
	android:label
		ADDED from src\main\AndroidManifest.xml:123:13-45
	android:name
		ADDED from src\main\AndroidManifest.xml:122:13-54
intent-filter#android.intent.category.DEFAULT+io.vit.vitio.FEEDBACKACTIVITY
ADDED from src\main\AndroidManifest.xml:125:13-129:29
action#io.vit.vitio.FEEDBACKACTIVITY
ADDED from src\main\AndroidManifest.xml:126:17-72
	android:name
		ADDED from src\main\AndroidManifest.xml:126:25-69
activity#io.vit.vitio.Activities.SampleActivity
ADDED from src\main\AndroidManifest.xml:131:9-140:20
	android:screenOrientation
		ADDED from src\main\AndroidManifest.xml:134:13-49
	android:label
		ADDED from src\main\AndroidManifest.xml:133:13-45
	android:name
		ADDED from src\main\AndroidManifest.xml:132:13-54
intent-filter#android.intent.category.DEFAULT+io.vit.vitio.SAMPLEACTIVITY
ADDED from src\main\AndroidManifest.xml:135:13-139:29
action#io.vit.vitio.SAMPLEACTIVITY
ADDED from src\main\AndroidManifest.xml:136:17-70
	android:name
		ADDED from src\main\AndroidManifest.xml:136:25-67
activity#io.vit.vitio.Settings.ComingSoonActivity
ADDED from src\main\AndroidManifest.xml:141:9-151:20
	android:screenOrientation
		ADDED from src\main\AndroidManifest.xml:144:13-49
	android:label
		ADDED from src\main\AndroidManifest.xml:143:13-45
	android:theme
		ADDED from src\main\AndroidManifest.xml:145:13-80
	android:name
		ADDED from src\main\AndroidManifest.xml:142:13-56
intent-filter#android.intent.category.DEFAULT+io.vit.vitio.COMINGSOONACTIVITY
ADDED from src\main\AndroidManifest.xml:146:13-150:29
action#io.vit.vitio.COMINGSOONACTIVITY
ADDED from src\main\AndroidManifest.xml:147:17-74
	android:name
		ADDED from src\main\AndroidManifest.xml:147:25-71
activity#io.vit.vitio.Activities.CoursePageActivity
ADDED from src\main\AndroidManifest.xml:152:9-161:20
	android:screenOrientation
		ADDED from src\main\AndroidManifest.xml:155:13-49
	android:label
		ADDED from src\main\AndroidManifest.xml:154:13-45
	android:name
		ADDED from src\main\AndroidManifest.xml:153:13-58
activity#io.vit.vitio.Activities.SubjectViewActivity
ADDED from src\main\AndroidManifest.xml:162:9-171:20
	android:screenOrientation
		ADDED from src\main\AndroidManifest.xml:165:13-49
	android:label
		ADDED from src\main\AndroidManifest.xml:164:13-45
	android:name
		ADDED from src\main\AndroidManifest.xml:163:13-59
intent-filter#android.intent.category.DEFAULT+io.vit.vitio.SUBJECTVIEWACTIVITY
ADDED from src\main\AndroidManifest.xml:166:13-170:29
action#io.vit.vitio.SUBJECTVIEWACTIVITY
ADDED from src\main\AndroidManifest.xml:167:17-75
	android:name
		ADDED from src\main\AndroidManifest.xml:167:25-72
activity#io.vit.vitio.Activities.FacultyActivity
ADDED from src\main\AndroidManifest.xml:172:9-180:20
	android:screenOrientation
		ADDED from src\main\AndroidManifest.xml:174:13-49
	android:name
		ADDED from src\main\AndroidManifest.xml:173:13-55
intent-filter#android.intent.category.DEFAULT+io.vit.vitio.FACULTYACTIVITY
ADDED from src\main\AndroidManifest.xml:175:13-179:29
action#io.vit.vitio.FACULTYACTIVITY
ADDED from src\main\AndroidManifest.xml:176:17-71
	android:name
		ADDED from src\main\AndroidManifest.xml:176:25-68
service#io.vit.vitio.Managers.CoursePageDownloadService
ADDED from src\main\AndroidManifest.xml:182:9-71
	android:name
		ADDED from src\main\AndroidManifest.xml:182:18-68
provider#io.vit.vitio.Managers.ConnectContentProvider
ADDED from src\main\AndroidManifest.xml:184:9-187:40
	android:authorities
		ADDED from src\main\AndroidManifest.xml:186:13-56
	android:exported
		ADDED from src\main\AndroidManifest.xml:187:13-37
	android:name
		ADDED from src\main\AndroidManifest.xml:185:13-60
receiver#com.google.android.gms.gcm.GcmReceiver
ADDED from src\main\AndroidManifest.xml:189:9-198:20
	android:exported
		ADDED from src\main\AndroidManifest.xml:191:13-36
	android:permission
		ADDED from src\main\AndroidManifest.xml:192:13-73
	android:name
		ADDED from src\main\AndroidManifest.xml:190:13-66
intent-filter#com.google.android.c2dm.intent.RECEIVE+com.google.android.c2dm.intent.REGISTRATION+io.vit.vitio
ADDED from src\main\AndroidManifest.xml:193:13-197:29
action#com.google.android.c2dm.intent.RECEIVE
ADDED from src\main\AndroidManifest.xml:194:17-81
	android:name
		ADDED from src\main\AndroidManifest.xml:194:25-78
action#com.google.android.c2dm.intent.REGISTRATION
ADDED from src\main\AndroidManifest.xml:195:17-86
	android:name
		ADDED from src\main\AndroidManifest.xml:195:25-83
category#io.vit.vitio
ADDED from src\main\AndroidManifest.xml:196:17-57
	android:name
		ADDED from src\main\AndroidManifest.xml:196:27-54
service#io.vit.vitio.Managers.MyGcmListenerService
ADDED from src\main\AndroidManifest.xml:199:9-205:19
	android:exported
		ADDED from src\main\AndroidManifest.xml:201:13-37
	android:name
		ADDED from src\main\AndroidManifest.xml:200:13-58
intent-filter#com.google.android.c2dm.intent.RECEIVE
ADDED from src\main\AndroidManifest.xml:202:13-204:29
service#io.vit.vitio.Managers.RegistrationIntentService
ADDED from src\main\AndroidManifest.xml:206:9-212:19
	android:exported
		ADDED from src\main\AndroidManifest.xml:208:13-37
	android:name
		ADDED from src\main\AndroidManifest.xml:207:13-63
intent-filter#com.google.android.gms.iid.InstanceID
ADDED from src\main\AndroidManifest.xml:209:13-211:29
action#com.google.android.gms.iid.InstanceID
ADDED from src\main\AndroidManifest.xml:210:17-80
	android:name
		ADDED from src\main\AndroidManifest.xml:210:25-77
receiver#io.vit.vitio.Widget.MainWidget
ADDED from src\main\AndroidManifest.xml:214:9-220:20
	android:name
		ADDED from src\main\AndroidManifest.xml:214:19-52
intent-filter#android.appwidget.action.APPWIDGET_UPDATE
ADDED from src\main\AndroidManifest.xml:215:13-217:29
action#android.appwidget.action.APPWIDGET_UPDATE
ADDED from src\main\AndroidManifest.xml:216:17-91
	android:name
		ADDED from src\main\AndroidManifest.xml:216:25-81
meta-data#android.appwidget.provider
ADDED from src\main\AndroidManifest.xml:218:13-219:49
	android:resource
		ADDED from src\main\AndroidManifest.xml:219:17-47
	android:name
		ADDED from src\main\AndroidManifest.xml:218:24-65
service#io.vit.vitio.Managers.StackWidgetService
ADDED from src\main\AndroidManifest.xml:224:9-226:40
	android:exported
		ADDED from src\main\AndroidManifest.xml:226:13-37
	android:permission
		ADDED from src\main\AndroidManifest.xml:225:13-69
	android:name
		ADDED from src\main\AndroidManifest.xml:224:18-61
service#io.vit.vitio.Managers.SendDataToWearableService
ADDED from src\main\AndroidManifest.xml:245:9-70
	android:name
		ADDED from src\main\AndroidManifest.xml:245:18-68
uses-sdk
INJECTED from src\main\AndroidManifest.xml reason: use-sdk injection requested
MERGED from [com.android.support:cardview-v7:25.0.1] AndroidManifest.xml:20:5-43
MERGED from [com.android.volley:volley:1.0.0] AndroidManifest.xml:7:5-43
MERGED from [com.melnykov:floatingactionbutton:1.2.0] AndroidManifest.xml:8:5-10:41
MERGED from [com.android.support:recyclerview-v7:25.0.1] AndroidManifest.xml:20:5-43
MERGED from [com.android.support:support-compat:25.0.1] AndroidManifest.xml:21:5-23:58
MERGED from [com.android.support:support-core-ui:25.0.1] AndroidManifest.xml:21:5-23:58
MERGED from [com.getbase:floatingactionbutton:1.10.0] AndroidManifest.xml:8:5-10:41
MERGED from [com.android.support:design:25.0.1] AndroidManifest.xml:21:5-23:62
MERGED from [com.android.support:support-v4:25.0.1] AndroidManifest.xml:21:5-23:54
MERGED from [com.android.support:support-media-compat:25.0.1] AndroidManifest.xml:21:5-23:63
MERGED from [com.android.support:support-core-utils:25.0.1] AndroidManifest.xml:21:5-23:61
MERGED from [com.android.support:support-fragment:25.0.1] AndroidManifest.xml:21:5-23:60
MERGED from [com.android.support:appcompat-v7:25.0.1] AndroidManifest.xml:21:5-23:78
MERGED from [com.android.support:support-vector-drawable:25.0.1] AndroidManifest.xml:21:5-43
MERGED from [com.android.support:animated-vector-drawable:25.0.1] AndroidManifest.xml:20:5-44
MERGED from [com.android.support:transition:25.0.1] AndroidManifest.xml:20:5-44
MERGED from [com.github.clans:fab:1.6.2] AndroidManifest.xml:8:5-10:41
MERGED from [de.hdodenhof:circleimageview:2.0.0] AndroidManifest.xml:5:5-7:41
MERGED from [com.android.support:palette-v7:25.0.1] AndroidManifest.xml:20:5-43
MERGED from [com.nantaphop:hoverTouchView:0.1] AndroidManifest.xml:7:5-9:41
MERGED from [jp.wasabeef:blurry:1.0.5] AndroidManifest.xml:8:5-10:41
MERGED from [com.google.android.gms:play-services-wearable:9.2.0] AndroidManifest.xml:18:5-42
MERGED from [com.google.android.gms:play-services-base:9.2.0] AndroidManifest.xml:18:5-42
MERGED from [com.google.android.gms:play-services-basement:9.2.0] AndroidManifest.xml:18:5-42
MERGED from [com.google.android.gms:play-services-tasks:9.2.0] AndroidManifest.xml:4:5-43
MERGED from [com.google.android.gms:play-services-gcm:9.2.0] AndroidManifest.xml:18:5-42
MERGED from [com.google.android.gms:play-services-iid:9.2.0] AndroidManifest.xml:18:5-42
MERGED from [com.google.firebase:firebase-core:9.2.0] AndroidManifest.xml:4:5-42
MERGED from [com.google.firebase:firebase-analytics:9.2.0] AndroidManifest.xml:18:5-42
MERGED from [com.google.firebase:firebase-common:9.2.0] AndroidManifest.xml:4:5-43
MERGED from [com.google.firebase:firebase-analytics-impl:9.2.0] AndroidManifest.xml:18:5-42
MERGED from [com.google.firebase:firebase-iid:9.2.0] AndroidManifest.xml:18:5-42
	tools:overrideLibrary
		ADDED from [com.android.support:support-compat:25.0.1] AndroidManifest.xml:23:9-55
	android:targetSdkVersion
		INJECTED from src\main\AndroidManifest.xml
		INJECTED from src\main\AndroidManifest.xml
	android:minSdkVersion
		INJECTED from src\main\AndroidManifest.xml
		INJECTED from src\main\AndroidManifest.xml
activity#com.google.android.gms.common.api.GoogleApiActivity
ADDED from [com.google.android.gms:play-services-base:9.2.0] AndroidManifest.xml:20:9-22:45
	android:exported
		ADDED from [com.google.android.gms:play-services-base:9.2.0] AndroidManifest.xml:22:19-43
	android:theme
		ADDED from [com.google.android.gms:play-services-base:9.2.0] AndroidManifest.xml:21:19-78
	android:name
		ADDED from [com.google.android.gms:play-services-base:9.2.0] AndroidManifest.xml:20:19-85
meta-data#com.google.android.gms.version
ADDED from [com.google.android.gms:play-services-basement:9.2.0] AndroidManifest.xml:21:9-23:69
	android:value
		ADDED from [com.google.android.gms:play-services-basement:9.2.0] AndroidManifest.xml:23:13-66
	android:name
		ADDED from [com.google.android.gms:play-services-basement:9.2.0] AndroidManifest.xml:22:13-58
receiver#com.google.android.gms.measurement.AppMeasurementReceiver
ADDED from [com.google.firebase:firebase-analytics:9.2.0] AndroidManifest.xml:28:7-34:18
MERGED from [com.google.firebase:firebase-analytics-impl:9.2.0] AndroidManifest.xml:28:7-34:18
	android:enabled
		ADDED from [com.google.firebase:firebase-analytics:9.2.0] AndroidManifest.xml:30:11-33
	android:name
		ADDED from [com.google.firebase:firebase-analytics:9.2.0] AndroidManifest.xml:29:11-83
intent-filter#com.google.android.gms.measurement.UPLOAD
ADDED from [com.google.firebase:firebase-analytics:9.2.0] AndroidManifest.xml:31:9-33:25
action#com.google.android.gms.measurement.UPLOAD
ADDED from [com.google.firebase:firebase-analytics:9.2.0] AndroidManifest.xml:32:11-77
	android:name
		ADDED from [com.google.firebase:firebase-analytics:9.2.0] AndroidManifest.xml:32:19-75
service#com.google.android.gms.measurement.AppMeasurementService
ADDED from [com.google.firebase:firebase-analytics:9.2.0] AndroidManifest.xml:36:7-39:37
MERGED from [com.google.firebase:firebase-analytics-impl:9.2.0] AndroidManifest.xml:36:7-39:37
	android:enabled
		ADDED from [com.google.firebase:firebase-analytics:9.2.0] AndroidManifest.xml:38:11-33
	android:exported
		ADDED from [com.google.firebase:firebase-analytics:9.2.0] AndroidManifest.xml:39:11-35
	android:name
		ADDED from [com.google.firebase:firebase-analytics:9.2.0] AndroidManifest.xml:37:11-82
provider#com.google.firebase.provider.FirebaseInitProvider
ADDED from [com.google.firebase:firebase-common:9.2.0] AndroidManifest.xml:7:9-11:39
	android:authorities
		ADDED from [com.google.firebase:firebase-common:9.2.0] AndroidManifest.xml:8:13-72
	android:exported
		ADDED from [com.google.firebase:firebase-common:9.2.0] AndroidManifest.xml:10:13-37
	android:initOrder
		ADDED from [com.google.firebase:firebase-common:9.2.0] AndroidManifest.xml:11:13-36
	android:name
		ADDED from [com.google.firebase:firebase-common:9.2.0] AndroidManifest.xml:9:13-58
receiver#com.google.firebase.iid.FirebaseInstanceIdReceiver
ADDED from [com.google.firebase:firebase-iid:9.2.0] AndroidManifest.xml:32:9-41:20
	android:exported
		ADDED from [com.google.firebase:firebase-iid:9.2.0] AndroidManifest.xml:34:13-36
	android:permission
		ADDED from [com.google.firebase:firebase-iid:9.2.0] AndroidManifest.xml:35:13-73
	android:name
		ADDED from [com.google.firebase:firebase-iid:9.2.0] AndroidManifest.xml:33:13-78
intent-filter#${applicationId}+com.google.android.c2dm.intent.RECEIVE+com.google.android.c2dm.intent.REGISTRATION
ADDED from [com.google.firebase:firebase-iid:9.2.0] AndroidManifest.xml:36:13-40:29
category#${applicationId}
ADDED from [com.google.firebase:firebase-iid:9.2.0] AndroidManifest.xml:39:17-61
	android:name
		ADDED from [com.google.firebase:firebase-iid:9.2.0] AndroidManifest.xml:39:27-58
receiver#com.google.firebase.iid.FirebaseInstanceIdInternalReceiver
ADDED from [com.google.firebase:firebase-iid:9.2.0] AndroidManifest.xml:45:9-47:40
	android:exported
		ADDED from [com.google.firebase:firebase-iid:9.2.0] AndroidManifest.xml:47:13-37
	android:name
		ADDED from [com.google.firebase:firebase-iid:9.2.0] AndroidManifest.xml:46:13-86
service#com.google.firebase.iid.FirebaseInstanceIdService
ADDED from [com.google.firebase:firebase-iid:9.2.0] AndroidManifest.xml:51:9-57:19
	android:exported
		ADDED from [com.google.firebase:firebase-iid:9.2.0] AndroidManifest.xml:53:13-36
	android:name
		ADDED from [com.google.firebase:firebase-iid:9.2.0] AndroidManifest.xml:52:13-77
intent-filter#com.google.firebase.INSTANCE_ID_EVENT
ADDED from [com.google.firebase:firebase-iid:9.2.0] AndroidManifest.xml:54:13-56:29
	android:priority
		ADDED from [com.google.firebase:firebase-iid:9.2.0] AndroidManifest.xml:54:28-51
action#com.google.firebase.INSTANCE_ID_EVENT
ADDED from [com.google.firebase:firebase-iid:9.2.0] AndroidManifest.xml:55:17-80
	android:name
		ADDED from [com.google.firebase:firebase-iid:9.2.0] AndroidManifest.xml:55:25-77